<?xml version="1.0" encoding="UTF-8"?>
<!-- Generated by org.testng.reporters.JUnitXMLReporter -->
<testsuite hostname="W10BWRQYW2" ignored="0" name="Command line test" tests="6" failures="1" timestamp="2020-01-29T16:20:47 IST" time="41.735" errors="0">
  <testcase name="contacts" time="25.141" classname="com.dell.qa.TestCase.ContactsPageTest"/>
  <testcase name="contactsFill" time="8.812" classname="com.dell.qa.TestCase.ContactsPageTest">
    <failure type="org.openqa.selenium.ElementClickInterceptedException" message="element click intercepted: Element &amp;lt;input class=&amp;quot;hidden&amp;quot; name=&amp;quot;do_not_call&amp;quot; readonly=&amp;quot;&amp;quot; tabindex=&amp;quot;0&amp;quot; type=&amp;quot;checkbox&amp;quot; value=&amp;quot;&amp;quot;&amp;gt; is not clickable at point (772, 555). Other element would receive the click: &amp;lt;label&amp;gt;&amp;lt;/label&amp;gt;
  (Session info: chrome=79.0.3945.130)
Build info: version: &amp;apos;3.141.59&amp;apos;, revision: &amp;apos;e82be7d358&amp;apos;, time: &amp;apos;2018-11-14T08:17:03&amp;apos;
System info: host: &amp;apos;W10BWRQYW2&amp;apos;, ip: &amp;apos;10.108.149.65&amp;apos;, os.name: &amp;apos;Windows 10&amp;apos;, os.arch: &amp;apos;amd64&amp;apos;, os.version: &amp;apos;10.0&amp;apos;, java.version: &amp;apos;1.8.0_171&amp;apos;
Driver info: org.openqa.selenium.chrome.ChromeDriver
Capabilities {acceptInsecureCerts: false, browserName: chrome, browserVersion: 79.0.3945.130, chrome: {chromedriverVersion: 78.0.3904.70 (edb9c9f3de024..., userDataDir: C:\Users\ANKITA~1\AppData\L...}, goog:chromeOptions: {debuggerAddress: localhost:38382}, javascriptEnabled: true, networkConnectionEnabled: false, pageLoadStrategy: normal, platform: XP, platformName: XP, proxy: Proxy(), setWindowRect: true, strictFileInteractability: false, timeouts: {implicit: 0, pageLoad: 300000, script: 30000}, unhandledPromptBehavior: dismiss and notify}
Session ID: 70106dc8c02fa1d14a3576dee669020b">
      <![CDATA[org.openqa.selenium.ElementClickInterceptedException: element click intercepted: Element <input class="hidden" name="do_not_call" readonly="" tabindex="0" type="checkbox" value=""> is not clickable at point (772, 555). Other element would receive the click: <label></label>
  (Session info: chrome=79.0.3945.130)
Build info: version: '3.141.59', revision: 'e82be7d358', time: '2018-11-14T08:17:03'
System info: host: 'W10BWRQYW2', ip: '10.108.149.65', os.name: 'Windows 10', os.arch: 'amd64', os.version: '10.0', java.version: '1.8.0_171'
Driver info: org.openqa.selenium.chrome.ChromeDriver
Capabilities {acceptInsecureCerts: false, browserName: chrome, browserVersion: 79.0.3945.130, chrome: {chromedriverVersion: 78.0.3904.70 (edb9c9f3de024..., userDataDir: C:\Users\ANKITA~1\AppData\L...}, goog:chromeOptions: {debuggerAddress: localhost:38382}, javascriptEnabled: true, networkConnectionEnabled: false, pageLoadStrategy: normal, platform: XP, platformName: XP, proxy: Proxy(), setWindowRect: true, strictFileInteractability: false, timeouts: {implicit: 0, pageLoad: 300000, script: 30000}, unhandledPromptBehavior: dismiss and notify}
Session ID: 70106dc8c02fa1d14a3576dee669020b
at org.openqa.selenium.remote.http.W3CHttpResponseCodec.createException(W3CHttpResponseCodec.java:187)
at org.openqa.selenium.remote.http.W3CHttpResponseCodec.decode(W3CHttpResponseCodec.java:122)
at org.openqa.selenium.remote.http.W3CHttpResponseCodec.decode(W3CHttpResponseCodec.java:49)
at org.openqa.selenium.remote.HttpCommandExecutor.execute(HttpCommandExecutor.java:158)
at org.openqa.selenium.remote.service.DriverCommandExecutor.execute(DriverCommandExecutor.java:83)
at org.openqa.selenium.remote.RemoteWebDriver.execute(RemoteWebDriver.java:552)
at org.openqa.selenium.remote.RemoteWebElement.execute(RemoteWebElement.java:285)
at org.openqa.selenium.remote.RemoteWebElement.click(RemoteWebElement.java:84)
at org.openqa.selenium.support.pagefactory.internal.LocatingElementHandler.invoke(LocatingElementHandler.java:51)
at com.sun.proxy.$Proxy7.click(Unknown Source)
at com.dell.qa.pages.ContactsPage.ContactsFillPage(ContactsPage.java:54)
at com.dell.qa.TestCase.ContactsPageTest.contactsFill(ContactsPageTest.java:35)
at java.util.ArrayList.forEach(ArrayList.java:1257)
... Removed 45 stack frames]]>
    </failure>
  </testcase> <!-- contactsFill -->
  <testcase name="Title" time="0.021" classname="com.dell.qa.TestCase.LoginPageTest"/>
  <testcase name="Loginto" time="6.891" classname="com.dell.qa.TestCase.LoginPageTest"/>
  <testcase name="TitleAfterLogin" time="0.015" classname="com.dell.qa.TestCase.LoginPageTest"/>
  <testcase name="Login" time="0.749" classname="com.dell.qa.TestCase.LoginPageTest"/>
</testsuite> <!-- Command line test -->
